<?xml version="1.0" encoding="UTF-8"?>
<!-- Generated by org.testng.reporters.JUnitReportReporter -->
<testsuite hostname="DESKTOP-LDTN898" failures="0" tests="2" name="testNG.HRM" time="15.561" errors="1" timestamp="2020-06-12T11:24:15 BDT" skipped="1">
  <testcase classname="testNG.HRM" name="Logout" time="0.000">
    <skipped/>
  </testcase> <!-- Logout -->
  <testcase classname="testNG.HRM" name="setUp" time="15.561">
    <error message="session not created
from chrome not reachable
  (Session info: chrome=83.0.4103.97)
Build info: version: &#039;3.141.59&#039;, revision: &#039;e82be7d358&#039;, time: &#039;2018-11-14T08:25:48&#039;
System info: host: &#039;DESKTOP-LDTN898&#039;, ip: &#039;169.254.140.154&#039;, os.name: &#039;Windows 10&#039;, os.arch: &#039;amd64&#039;, os.version: &#039;10.0&#039;, java.version: &#039;11.0.6&#039;
Driver info: driver.version: ChromeDriver
remote stacktrace: Backtrace:
	Ordinal0 [0x00EE9563+2725219]
	Ordinal0 [0x00DE8551+1672529]
	Ordinal0 [0x00CD0202+524802]
	Ordinal0 [0x00CC99B2+498098]
	Ordinal0 [0x00CCA09B+499867]
	Ordinal0 [0x00CCAFF5+503797]
	Ordinal0 [0x00CC6994+485780]
	Ordinal0 [0x00CD0FF0+528368]
	Ordinal0 [0x00C7D6C9+186057]
	Ordinal0 [0x00C7CA3D+182845]
	Ordinal0 [0x00C7A94B+174411]
	Ordinal0 [0x00C62528+75048]
	Ordinal0 [0x00C635A0+79264]
	Ordinal0 [0x00C63539+79161]
	Ordinal0 [0x00DFD607+1758727]
	GetHandleVerifier [0x01006546+1050150]
	GetHandleVerifier [0x01006291+1049457]
	GetHandleVerifier [0x010110D7+1094071]
	GetHandleVerifier [0x01006B46+1051686]
	Ordinal0 [0x00DF5B06+1727238]
	Ordinal0 [0x00DFEB7B+1764219]
	Ordinal0 [0x00DFECE3+1764579]
	Ordinal0 [0x00E14C05+1854469]
	BaseThreadInitThunk [0x75D36359+25]
	RtlGetAppContainerNamedObjectPath [0x77C57C24+228]
	RtlGetAppContainerNamedObjectPath [0x77C57BF4+180]
" type="org.openqa.selenium.SessionNotCreatedException">
      <![CDATA[org.openqa.selenium.SessionNotCreatedException: session not created
from chrome not reachable
  (Session info: chrome=83.0.4103.97)
Build info: version: '3.141.59', revision: 'e82be7d358', time: '2018-11-14T08:25:48'
System info: host: 'DESKTOP-LDTN898', ip: '169.254.140.154', os.name: 'Windows 10', os.arch: 'amd64', os.version: '10.0', java.version: '11.0.6'
Driver info: driver.version: ChromeDriver
remote stacktrace: Backtrace:
Ordinal0 [0x00EE9563+2725219]
Ordinal0 [0x00DE8551+1672529]
Ordinal0 [0x00CD0202+524802]
Ordinal0 [0x00CC99B2+498098]
Ordinal0 [0x00CCA09B+499867]
Ordinal0 [0x00CCAFF5+503797]
Ordinal0 [0x00CC6994+485780]
Ordinal0 [0x00CD0FF0+528368]
Ordinal0 [0x00C7D6C9+186057]
Ordinal0 [0x00C7CA3D+182845]
Ordinal0 [0x00C7A94B+174411]
Ordinal0 [0x00C62528+75048]
Ordinal0 [0x00C635A0+79264]
Ordinal0 [0x00C63539+79161]
Ordinal0 [0x00DFD607+1758727]
GetHandleVerifier [0x01006546+1050150]
GetHandleVerifier [0x01006291+1049457]
GetHandleVerifier [0x010110D7+1094071]
GetHandleVerifier [0x01006B46+1051686]
Ordinal0 [0x00DF5B06+1727238]
Ordinal0 [0x00DFEB7B+1764219]
Ordinal0 [0x00DFECE3+1764579]
Ordinal0 [0x00E14C05+1854469]
BaseThreadInitThunk [0x75D36359+25]
RtlGetAppContainerNamedObjectPath [0x77C57C24+228]
RtlGetAppContainerNamedObjectPath [0x77C57BF4+180]

at java.base/jdk.internal.reflect.NativeConstructorAccessorImpl.newInstance0(Native Method)
at java.base/jdk.internal.reflect.NativeConstructorAccessorImpl.newInstance(NativeConstructorAccessorImpl.java:62)
at java.base/jdk.internal.reflect.DelegatingConstructorAccessorImpl.newInstance(DelegatingConstructorAccessorImpl.java:45)
at java.base/java.lang.reflect.Constructor.newInstance(Constructor.java:490)
at org.openqa.selenium.remote.W3CHandshakeResponse.lambda$errorHandler$0(W3CHandshakeResponse.java:62)
at org.openqa.selenium.remote.HandshakeResponse.lambda$getResponseFunction$0(HandshakeResponse.java:30)
at org.openqa.selenium.remote.ProtocolHandshake.lambda$createSession$0(ProtocolHandshake.java:126)
at java.base/java.util.stream.ReferencePipeline$3$1.accept(ReferencePipeline.java:195)
at java.base/java.util.Spliterators$ArraySpliterator.tryAdvance(Spliterators.java:958)
at java.base/java.util.stream.ReferencePipeline.forEachWithCancel(ReferencePipeline.java:127)
at java.base/java.util.stream.AbstractPipeline.copyIntoWithCancel(AbstractPipeline.java:502)
at java.base/java.util.stream.AbstractPipeline.copyInto(AbstractPipeline.java:488)
at java.base/java.util.stream.AbstractPipeline.wrapAndCopyInto(AbstractPipeline.java:474)
at java.base/java.util.stream.FindOps$FindOp.evaluateSequential(FindOps.java:150)
at java.base/java.util.stream.AbstractPipeline.evaluate(AbstractPipeline.java:234)
at java.base/java.util.stream.ReferencePipeline.findFirst(ReferencePipeline.java:543)
at org.openqa.selenium.remote.ProtocolHandshake.createSession(ProtocolHandshake.java:128)
at org.openqa.selenium.remote.ProtocolHandshake.createSession(ProtocolHandshake.java:74)
at org.openqa.selenium.remote.HttpCommandExecutor.execute(HttpCommandExecutor.java:136)
at org.openqa.selenium.remote.service.DriverCommandExecutor.execute(DriverCommandExecutor.java:83)
at org.openqa.selenium.remote.RemoteWebDriver.execute(RemoteWebDriver.java:552)
at org.openqa.selenium.remote.RemoteWebDriver.startSession(RemoteWebDriver.java:213)
at org.openqa.selenium.remote.RemoteWebDriver.<init>(RemoteWebDriver.java:131)
at org.openqa.selenium.chrome.ChromeDriver.<init>(ChromeDriver.java:181)
at org.openqa.selenium.chrome.ChromeDriver.<init>(ChromeDriver.java:168)
at org.openqa.selenium.chrome.ChromeDriver.<init>(ChromeDriver.java:123)
at testNG.HRM.setUp(HRM.java:25)
at java.base/jdk.internal.reflect.NativeMethodAccessorImpl.invoke0(Native Method)
at java.base/jdk.internal.reflect.NativeMethodAccessorImpl.invoke(NativeMethodAccessorImpl.java:62)
at java.base/jdk.internal.reflect.DelegatingMethodAccessorImpl.invoke(DelegatingMethodAccessorImpl.java:43)
at java.base/java.lang.reflect.Method.invoke(Method.java:566)
at org.testng.internal.MethodInvocationHelper.invokeMethod(MethodInvocationHelper.java:133)
at org.testng.internal.MethodInvocationHelper.invokeMethodConsideringTimeout(MethodInvocationHelper.java:62)
at org.testng.internal.ConfigInvoker.invokeConfigurationMethod(ConfigInvoker.java:340)
at org.testng.internal.ConfigInvoker.invokeConfigurations(ConfigInvoker.java:294)
at org.testng.SuiteRunner.privateRun(SuiteRunner.java:345)
at org.testng.SuiteRunner.run(SuiteRunner.java:304)
at org.testng.SuiteRunnerWorker.runSuite(SuiteRunnerWorker.java:53)
at org.testng.SuiteRunnerWorker.run(SuiteRunnerWorker.java:96)
at org.testng.TestNG.runSuitesSequentially(TestNG.java:1180)
at org.testng.TestNG.runSuitesLocally(TestNG.java:1102)
at org.testng.TestNG.runSuites(TestNG.java:1032)
at org.testng.TestNG.run(TestNG.java:1000)
at org.testng.remote.AbstractRemoteTestNG.run(AbstractRemoteTestNG.java:115)
at org.testng.remote.RemoteTestNG.initAndRun(RemoteTestNG.java:251)
at org.testng.remote.RemoteTestNG.main(RemoteTestNG.java:77)
]]>
    </error>
  </testcase> <!-- setUp -->
</testsuite> <!-- testNG.HRM -->
